<?xml version="1.0" encoding="UTF-8"?>
<!-- Generated by org.testng.reporters.JUnitXMLReporter -->
<testsuite hostname="BEL-FAMILLE" ignored="0" name="Default test" tests="6" failures="0" timestamp="28 déc. 2018 13:06:29 GMT" time="22.396" errors="0">
  <testcase name="loginInvalidData" time="1.719" classname="testCases.Login_Invalid_data_Tests"/>
  <testcase name="loginInvalidData" time="1.751" classname="testCases.Login_Invalid_data_Tests"/>
  <testcase name="loginInvalidData" time="1.85" classname="testCases.Login_Invalid_data_Tests"/>
  <testcase name="loginInvalidData" time="2.211" classname="testCases.Login_Invalid_data_Tests"/>
  <testcase name="loginInvalidData" time="2.302" classname="testCases.Login_Invalid_data_Tests"/>
  <testcase name="loginInvalidData" time="2.165" classname="testCases.Login_Invalid_data_Tests"/>
</testsuite> <!-- Default test -->
