<?xml version="1.0" encoding="UTF-8"?>
<!-- Generated by org.testng.reporters.JUnitXMLReporter -->
<testsuite hostname="BEL-FAMILLE" ignored="0" name="Default test" tests="6" failures="0" timestamp="28 déc. 2018 01:31:08 GMT" time="19.362" errors="0">
  <testcase name="loginInvalidData" time="1.592" classname="testCases.Login_Invalid_data_Tests"/>
  <testcase name="loginInvalidData" time="1.339" classname="testCases.Login_Invalid_data_Tests"/>
  <testcase name="loginInvalidData" time="1.335" classname="testCases.Login_Invalid_data_Tests"/>
  <testcase name="loginInvalidData" time="1.649" classname="testCases.Login_Invalid_data_Tests"/>
  <testcase name="loginInvalidData" time="1.89" classname="testCases.Login_Invalid_data_Tests"/>
  <testcase name="loginInvalidData" time="1.935" classname="testCases.Login_Invalid_data_Tests"/>
</testsuite> <!-- Default test -->
