<?xml version="1.0" encoding="UTF-8"?>
<!-- Generated by org.testng.reporters.JUnitXMLReporter -->
<testsuite hostname="BEL-FAMILLE" ignored="0" name="TestLoginInvalidData" tests="6" failures="0" timestamp="30 Dec 2018 00:21:47 GMT" time="9.248" errors="0">
  <testcase name="loginInvalidData" time="0.684" classname="testCases.Login_Invalid_data_Tests"/>
  <testcase name="loginInvalidData" time="0.667" classname="testCases.Login_Invalid_data_Tests"/>
  <testcase name="loginInvalidData" time="0.604" classname="testCases.Login_Invalid_data_Tests"/>
  <testcase name="loginInvalidData" time="0.658" classname="testCases.Login_Invalid_data_Tests"/>
  <testcase name="loginInvalidData" time="0.784" classname="testCases.Login_Invalid_data_Tests"/>
  <testcase name="loginInvalidData" time="0.682" classname="testCases.Login_Invalid_data_Tests"/>
</testsuite> <!-- TestLoginInvalidData -->
