<?xml version="1.0" encoding="UTF-8"?>
<!-- Generated by org.testng.reporters.JUnitXMLReporter -->
<testsuite hostname="BEL-FAMILLE" ignored="0" name="TestLogin" tests="8" failures="0" timestamp="28 déc. 2018 13:07:13 GMT" time="29.905" errors="0">
  <testcase name="loginInvalidData" time="2.136" classname="testCases.Login_Invalid_data_Tests"/>
  <testcase name="loginInvalidData" time="1.332" classname="testCases.Login_Invalid_data_Tests"/>
  <testcase name="loginInvalidData" time="1.431" classname="testCases.Login_Invalid_data_Tests"/>
  <testcase name="loginInvalidData" time="2.522" classname="testCases.Login_Invalid_data_Tests"/>
  <testcase name="loginInvalidData" time="2.588" classname="testCases.Login_Invalid_data_Tests"/>
  <testcase name="loginInvalidData" time="2.31" classname="testCases.Login_Invalid_data_Tests"/>
  <testcase name="login_With_Valid_Data" time="1.627" classname="testCases.Login_valid_data_Tests"/>
  <testcase name="logout" time="1.561" classname="testCases.Login_valid_data_Tests"/>
</testsuite> <!-- TestLogin -->
