<?xml version="1.0" encoding="UTF-8"?>
<!-- Generated by org.testng.reporters.JUnitXMLReporter -->
<testsuite hostname="BEL-FAMILLE" ignored="0" name="TestLoginValidData2" tests="8" failures="0" timestamp="30 Dec 2018 00:55:13 GMT" time="14.187" errors="0">
  <testcase name="loginInvalidData" time="0.636" classname="testCases.Login_Invalid_data_Tests"/>
  <testcase name="loginInvalidData" time="0.621" classname="testCases.Login_Invalid_data_Tests"/>
  <testcase name="loginInvalidData" time="0.602" classname="testCases.Login_Invalid_data_Tests"/>
  <testcase name="loginInvalidData" time="0.614" classname="testCases.Login_Invalid_data_Tests"/>
  <testcase name="loginInvalidData" time="0.67" classname="testCases.Login_Invalid_data_Tests"/>
  <testcase name="loginInvalidData" time="0.662" classname="testCases.Login_Invalid_data_Tests"/>
  <testcase name="login_With_Valid_Data" time="1.176" classname="testCases.Login_valid_data_Tests"/>
  <testcase name="logout" time="1.564" classname="testCases.Login_valid_data_Tests"/>
</testsuite> <!-- TestLoginValidData2 -->
