<?xml version="1.0" encoding="UTF-8"?>
<!-- Generated by org.testng.reporters.JUnitXMLReporter -->
<testsuite hostname="BEL-FAMILLE" ignored="0" name="TestLoginValidData" tests="2" failures="1" timestamp="28 déc. 2018 15:24:43 GMT" time="12.895" errors="0">
  <testcase name="login_With_Valid_Data" time="2.213" classname="testCases.Login_valid_data_Tests">
    <failure type="java.lang.AssertionError" message="le lbellé est erroné expected [Welcome Admin.] but found [Welcome Admin]">
      <![CDATA[java.lang.AssertionError: le lbellé est erroné expected [Welcome Admin.] but found [Welcome Admin]
at testCases.Login_valid_data_Tests.login_With_Valid_Data(Login_valid_data_Tests.java:31)
... Removed 30 stack frames]]>
    </failure>
  </testcase> <!-- login_With_Valid_Data -->
  <testcase name="logout" time="0.843" classname="testCases.Login_valid_data_Tests"/>
</testsuite> <!-- TestLoginValidData -->
