<?xml version="1.0" encoding="UTF-8"?>
<!-- Generated by org.testng.reporters.JUnitXMLReporter -->
<testsuite hostname="BEL-FAMILLE" ignored="0" name="TestLoginInvalidData" tests="6" failures="0" timestamp="29 Dec 2018 14:59:16 GMT" time="17.216" errors="0">
  <testcase name="loginInvalidData" time="1.871" classname="testCases.Login_Invalid_data_Tests"/>
  <testcase name="loginInvalidData" time="1.32" classname="testCases.Login_Invalid_data_Tests"/>
  <testcase name="loginInvalidData" time="1.372" classname="testCases.Login_Invalid_data_Tests"/>
  <testcase name="loginInvalidData" time="1.668" classname="testCases.Login_Invalid_data_Tests"/>
  <testcase name="loginInvalidData" time="1.953" classname="testCases.Login_Invalid_data_Tests"/>
  <testcase name="loginInvalidData" time="1.944" classname="testCases.Login_Invalid_data_Tests"/>
</testsuite> <!-- TestLoginInvalidData -->
