<?xml version="1.0" encoding="UTF-8"?>
<!-- Generated by org.testng.reporters.JUnitXMLReporter -->
<testsuite hostname="BEL-FAMILLE" ignored="0" name="TestLoginValidData1" tests="8" failures="0" timestamp="30 Dec 2018 02:02:48 GMT" time="17.654" errors="0">
  <testcase name="loginInvalidData" time="0.687" classname="testCases.Authentification.Login_Invalid_data_Tests"/>
  <testcase name="loginInvalidData" time="0.634" classname="testCases.Authentification.Login_Invalid_data_Tests"/>
  <testcase name="loginInvalidData" time="0.612" classname="testCases.Authentification.Login_Invalid_data_Tests"/>
  <testcase name="loginInvalidData" time="0.689" classname="testCases.Authentification.Login_Invalid_data_Tests"/>
  <testcase name="loginInvalidData" time="0.658" classname="testCases.Authentification.Login_Invalid_data_Tests"/>
  <testcase name="loginInvalidData" time="0.661" classname="testCases.Authentification.Login_Invalid_data_Tests"/>
  <testcase name="login_With_Valid_Data" time="1.146" classname="testCases.Authentification.Login_valid_data_Tests"/>
  <testcase name="logout" time="1.488" classname="testCases.Authentification.Login_valid_data_Tests"/>
</testsuite> <!-- TestLoginValidData1 -->
