<?xml version="1.0" encoding="UTF-8"?>
<!-- Generated by org.testng.reporters.JUnitXMLReporter -->
<testsuite hostname="BEL-FAMILLE" ignored="0" name="Test5" tests="4" failures="0" timestamp="30 déc. 2018 01:17:26 GMT" time="0.13" errors="0">
  <testcase name="test1" time="0.026" classname="rough.TestngGroups"/>
  <testcase name="test2" time="0.007" classname="rough.TestngGroups"/>
  <testcase name="test3" time="0.005" classname="rough.TestngGroups"/>
  <testcase name="test4" time="0.009" classname="rough.TestngGroups"/>
</testsuite> <!-- Test5 -->
