<?xml version="1.0" encoding="UTF-8"?>
<testsuite xmlns:xsi="http://www.w3.org/2001/XMLSchema-instance" xsi:noNamespaceSchemaLocation="https://maven.apache.org/surefire/maven-surefire-plugin/xsd/surefire-test-report.xsd" name="TestSuite" time="41.526" tests="8" errors="0" skipped="0" failures="1">
  <properties>
[...]
</properties>
  <testcase name="login_With_Valid_Data" classname="testCases.Login_valid_data_Tests" time="2.262">
    <failure message="le lbellé est erroné expected [Welcome Admin.] but found [Welcome Admin]" type="java.lang.AssertionError">java.lang.AssertionError: le lbellé est erroné expected [Welcome Admin.] but found [Welcome Admin]
	at testCases.Login_valid_data_Tests.login_With_Valid_Data(Login_valid_data_Tests.java:31)
</failure>
    <system-out><![CDATA[[INFO ] 2018-12-28 21:14:30.163 [main] TestBase - -----------------------------------------
[INFO ] 2018-12-28 21:14:30.172 [main] TestBase - testCases.Login_valid_data_Tests ----> COMMENCÉ
[INFO ] 2018-12-28 21:14:30.803 [main] TestBase - Entrer le username :Admin
[INFO ] 2018-12-28 21:14:31.072 [main] TestBase - Entrer le password :admin123
[INFO ] 2018-12-28 21:14:32.422 [main] TestBase - Cliquer sur le bouton 'LOGIN'
]]></system-out>
    <system-err><![CDATA[SLF4J: Failed to load class "org.slf4j.impl.StaticLoggerBinder".
SLF4J: Defaulting to no-operation (NOP) logger implementation
SLF4J: See http://www.slf4j.org/codes.html#StaticLoggerBinder for further details.
Starting ChromeDriver 2.45.615291 (ec3682e3c9061c10f26ea9e5cdcf3c53f3f74387) on port 41495
Only local connections are allowed.
déc. 28, 2018 9:14:27 PM org.openqa.selenium.remote.ProtocolHandshake createSession
INFOS: Detected dialect: OSS
]]></system-err>
  </testcase>
  <testcase name="logout" classname="testCases.Login_valid_data_Tests" time="0.713"/>
  <testcase name="loginInvalidData" classname="testCases.Login_Invalid_data_Tests" time="1.743"/>
  <testcase name="loginInvalidData" classname="testCases.Login_Invalid_data_Tests" time="1.913"/>
  <testcase name="loginInvalidData" classname="testCases.Login_Invalid_data_Tests" time="1.774"/>
  <testcase name="loginInvalidData" classname="testCases.Login_Invalid_data_Tests" time="1.774"/>
  <testcase name="loginInvalidData" classname="testCases.Login_Invalid_data_Tests" time="2.217"/>
  <testcase name="loginInvalidData" classname="testCases.Login_Invalid_data_Tests" time="2.047"/>
</testsuite>