<?xml version="1.0" encoding="UTF-8"?>
<testsuite xmlns:xsi="http://www.w3.org/2001/XMLSchema-instance" xsi:noNamespaceSchemaLocation="https://maven.apache.org/surefire/maven-surefire-plugin/xsd/surefire-test-report.xsd" name="TestSuite" time="21.565" tests="8" errors="0" skipped="6" failures="0">
  <properties>
[...]
</properties>
  <testcase name="login_With_Valid_Data" classname="testCases.Login_valid_data_Tests" time="1.977"/>
  <testcase name="logout" classname="testCases.Login_valid_data_Tests" time="1.197"/>
  <testcase name="loginInvalidData" classname="testCases.Login_Invalid_data_Tests" time="0">
    <skipped message="Until bug 4512 gonna fix"/>
    <system-out><![CDATA[[INFO ] 2018-12-29 17:17:58.737 [main] TestBase - testCases.Login_valid_data_Tests ----> TERMINÉ
[INFO ] 2018-12-29 17:17:58.737 [main] TestBase - ----------------------------------------
[INFO ] 2018-12-29 17:18:05.393 [main] TestBase - -----------------------------------------
[INFO ] 2018-12-29 17:18:05.394 [main] TestBase - testCases.Login_Invalid_data_Tests ----> COMMENCÉ
]]></system-out>
    <system-err><![CDATA[Starting ChromeDriver 2.45.615291 (ec3682e3c9061c10f26ea9e5cdcf3c53f3f74387) on port 34764
Only local connections are allowed.
Dec 29, 2018 5:18:03 PM org.openqa.selenium.remote.ProtocolHandshake createSession
INFO: Detected dialect: OSS
]]></system-err>
  </testcase>
  <testcase name="loginInvalidData" classname="testCases.Login_Invalid_data_Tests" time="0">
    <skipped message="Until bug 4512 gonna fix"/>
  </testcase>
  <testcase name="loginInvalidData" classname="testCases.Login_Invalid_data_Tests" time="0">
    <skipped message="Until bug 4512 gonna fix"/>
  </testcase>
  <testcase name="loginInvalidData" classname="testCases.Login_Invalid_data_Tests" time="0">
    <skipped message="Until bug 4512 gonna fix"/>
  </testcase>
  <testcase name="loginInvalidData" classname="testCases.Login_Invalid_data_Tests" time="0">
    <skipped message="Until bug 4512 gonna fix"/>
  </testcase>
  <testcase name="loginInvalidData" classname="testCases.Login_Invalid_data_Tests" time="0">
    <skipped message="Until bug 4512 gonna fix"/>
  </testcase>
</testsuite>