<?xml version="1.0" encoding="UTF-8"?>
<testng-results skipped="0" failed="0" ignored="0" total="8" passed="8">
  <reporter-output>
  </reporter-output>
  <suite name="SuiteAllTest" duration-ms="17654" started-at="2018-12-30T02:02:31Z" finished-at="2018-12-30T02:02:48Z">
    <groups>
    </groups>
    <test name="TestLoginValidData1" duration-ms="17654" started-at="2018-12-30T02:02:31Z" finished-at="2018-12-30T02:02:48Z">
      <class name="testCases.Authentification.Login_valid_data_Tests">
        <test-method status="PASS" signature="setUp()[pri:0, instance:testCases.Authentification.Login_valid_data_Tests@6a370f4]" name="setUp" is-config="true" duration-ms="2528" started-at="2018-12-30T02:02:42Z" finished-at="2018-12-30T02:02:44Z">
          <reporter-output>
          </reporter-output>
        </test-method> <!-- setUp -->
        <test-method status="PASS" signature="login_With_Valid_Data()[pri:1, instance:testCases.Authentification.Login_valid_data_Tests@6a370f4]" name="login_With_Valid_Data" duration-ms="1146" started-at="2018-12-30T02:02:44Z" finished-at="2018-12-30T02:02:46Z">
          <reporter-output>
          </reporter-output>
        </test-method> <!-- login_With_Valid_Data -->
        <test-method status="PASS" signature="logout()[pri:2, instance:testCases.Authentification.Login_valid_data_Tests@6a370f4]" name="logout" duration-ms="1488" started-at="2018-12-30T02:02:46Z" finished-at="2018-12-30T02:02:47Z">
          <reporter-output>
          </reporter-output>
        </test-method> <!-- logout -->
        <test-method status="PASS" signature="tearDown()[pri:0, instance:testCases.Authentification.Login_valid_data_Tests@6a370f4]" name="tearDown" is-config="true" duration-ms="1187" started-at="2018-12-30T02:02:47Z" finished-at="2018-12-30T02:02:48Z">
          <reporter-output>
          </reporter-output>
        </test-method> <!-- tearDown -->
      </class> <!-- testCases.Authentification.Login_valid_data_Tests -->
      <class name="testCases.Authentification.Login_Invalid_data_Tests">
        <test-method status="PASS" signature="setUp()[pri:0, instance:testCases.Authentification.Login_Invalid_data_Tests@2abf4075]" name="setUp" is-config="true" duration-ms="4795" started-at="2018-12-30T02:02:31Z" finished-at="2018-12-30T02:02:35Z">
          <reporter-output>
          </reporter-output>
        </test-method> <!-- setUp -->
        <test-method status="PASS" signature="loginInvalidData(java.lang.String, java.lang.String, java.lang.String)[pri:0, instance:testCases.Authentification.Login_Invalid_data_Tests@2abf4075]" name="loginInvalidData" duration-ms="687" started-at="2018-12-30T02:02:36Z" data-provider="dp" finished-at="2018-12-30T02:02:37Z">
          <params>
            <param index="0">
              <value>
                <![CDATA[]]>
              </value>
            </param>
            <param index="1">
              <value>
                <![CDATA[]]>
              </value>
            </param>
            <param index="2">
              <value>
                <![CDATA[Username cannot be empty]]>
              </value>
            </param>
          </params>
          <reporter-output>
          </reporter-output>
        </test-method> <!-- loginInvalidData -->
        <test-method status="PASS" signature="loginInvalidData(java.lang.String, java.lang.String, java.lang.String)[pri:0, instance:testCases.Authentification.Login_Invalid_data_Tests@2abf4075]" name="loginInvalidData" duration-ms="634" started-at="2018-12-30T02:02:37Z" data-provider="dp" finished-at="2018-12-30T02:02:38Z">
          <params>
            <param index="0">
              <value>
                <![CDATA[]]>
              </value>
            </param>
            <param index="1">
              <value>
                <![CDATA[password]]>
              </value>
            </param>
            <param index="2">
              <value>
                <![CDATA[Username cannot be empty]]>
              </value>
            </param>
          </params>
          <reporter-output>
          </reporter-output>
        </test-method> <!-- loginInvalidData -->
        <test-method status="PASS" signature="loginInvalidData(java.lang.String, java.lang.String, java.lang.String)[pri:0, instance:testCases.Authentification.Login_Invalid_data_Tests@2abf4075]" name="loginInvalidData" duration-ms="612" started-at="2018-12-30T02:02:38Z" data-provider="dp" finished-at="2018-12-30T02:02:38Z">
          <params>
            <param index="0">
              <value>
                <![CDATA[abc]]>
              </value>
            </param>
            <param index="1">
              <value>
                <![CDATA[]]>
              </value>
            </param>
            <param index="2">
              <value>
                <![CDATA[Password cannot be empty]]>
              </value>
            </param>
          </params>
          <reporter-output>
          </reporter-output>
        </test-method> <!-- loginInvalidData -->
        <test-method status="PASS" signature="loginInvalidData(java.lang.String, java.lang.String, java.lang.String)[pri:0, instance:testCases.Authentification.Login_Invalid_data_Tests@2abf4075]" name="loginInvalidData" duration-ms="689" started-at="2018-12-30T02:02:38Z" data-provider="dp" finished-at="2018-12-30T02:02:39Z">
          <params>
            <param index="0">
              <value>
                <![CDATA[abc]]>
              </value>
            </param>
            <param index="1">
              <value>
                <![CDATA[password]]>
              </value>
            </param>
            <param index="2">
              <value>
                <![CDATA[Invalid credentials]]>
              </value>
            </param>
          </params>
          <reporter-output>
          </reporter-output>
        </test-method> <!-- loginInvalidData -->
        <test-method status="PASS" signature="loginInvalidData(java.lang.String, java.lang.String, java.lang.String)[pri:0, instance:testCases.Authentification.Login_Invalid_data_Tests@2abf4075]" name="loginInvalidData" duration-ms="658" started-at="2018-12-30T02:02:39Z" data-provider="dp" finished-at="2018-12-30T02:02:40Z">
          <params>
            <param index="0">
              <value>
                <![CDATA[admin]]>
              </value>
            </param>
            <param index="1">
              <value>
                <![CDATA[Admin123]]>
              </value>
            </param>
            <param index="2">
              <value>
                <![CDATA[Invalid credentials]]>
              </value>
            </param>
          </params>
          <reporter-output>
          </reporter-output>
        </test-method> <!-- loginInvalidData -->
        <test-method status="PASS" signature="loginInvalidData(java.lang.String, java.lang.String, java.lang.String)[pri:0, instance:testCases.Authentification.Login_Invalid_data_Tests@2abf4075]" name="loginInvalidData" duration-ms="661" started-at="2018-12-30T02:02:40Z" data-provider="dp" finished-at="2018-12-30T02:02:40Z">
          <params>
            <param index="0">
              <value>
                <![CDATA[Admin]]>
              </value>
            </param>
            <param index="1">
              <value>
                <![CDATA[admin1234]]>
              </value>
            </param>
            <param index="2">
              <value>
                <![CDATA[Invalid credentials]]>
              </value>
            </param>
          </params>
          <reporter-output>
          </reporter-output>
        </test-method> <!-- loginInvalidData -->
        <test-method status="PASS" signature="tearDown()[pri:0, instance:testCases.Authentification.Login_Invalid_data_Tests@2abf4075]" name="tearDown" is-config="true" duration-ms="1503" started-at="2018-12-30T02:02:40Z" finished-at="2018-12-30T02:02:42Z">
          <reporter-output>
          </reporter-output>
        </test-method> <!-- tearDown -->
      </class> <!-- testCases.Authentification.Login_Invalid_data_Tests -->
    </test> <!-- TestLoginValidData1 -->
  </suite> <!-- SuiteAllTest -->
</testng-results>
