<?xml version="1.0" encoding="UTF-8"?>
<testng-results skipped="0" failed="0" ignored="0" total="6" passed="6">
  <reporter-output>
  </reporter-output>
  <suite name="Default suite" duration-ms="19362" started-at="2018-12-28T01:30:48Z" finished-at="2018-12-28T01:31:08Z">
    <groups>
    </groups>
    <test name="Default test" duration-ms="19362" started-at="2018-12-28T01:30:48Z" finished-at="2018-12-28T01:31:08Z">
      <class name="testCases.Login_Invalid_data_Tests">
        <test-method status="PASS" signature="setUp()[pri:0, instance:testCases.Login_Invalid_data_Tests@4883b407]" name="setUp" is-config="true" duration-ms="7388" started-at="2018-12-28T01:30:48Z" finished-at="2018-12-28T01:30:56Z">
          <reporter-output>
          </reporter-output>
        </test-method> <!-- setUp -->
        <test-method status="PASS" signature="loginInvalidData(java.lang.String, java.lang.String, java.lang.String)[pri:0, instance:testCases.Login_Invalid_data_Tests@4883b407]" name="loginInvalidData" duration-ms="1592" started-at="2018-12-28T01:30:57Z" data-provider="dp" finished-at="2018-12-28T01:30:59Z">
          <params>
            <param index="0">
              <value>
                <![CDATA[]]>
              </value>
            </param>
            <param index="1">
              <value>
                <![CDATA[]]>
              </value>
            </param>
            <param index="2">
              <value>
                <![CDATA[Username cannot be empty]]>
              </value>
            </param>
          </params>
          <reporter-output>
          </reporter-output>
        </test-method> <!-- loginInvalidData -->
        <test-method status="PASS" signature="loginInvalidData(java.lang.String, java.lang.String, java.lang.String)[pri:0, instance:testCases.Login_Invalid_data_Tests@4883b407]" name="loginInvalidData" duration-ms="1339" started-at="2018-12-28T01:30:59Z" data-provider="dp" finished-at="2018-12-28T01:31:00Z">
          <params>
            <param index="0">
              <value>
                <![CDATA[]]>
              </value>
            </param>
            <param index="1">
              <value>
                <![CDATA[password]]>
              </value>
            </param>
            <param index="2">
              <value>
                <![CDATA[Username cannot be empty]]>
              </value>
            </param>
          </params>
          <reporter-output>
          </reporter-output>
        </test-method> <!-- loginInvalidData -->
        <test-method status="PASS" signature="loginInvalidData(java.lang.String, java.lang.String, java.lang.String)[pri:0, instance:testCases.Login_Invalid_data_Tests@4883b407]" name="loginInvalidData" duration-ms="1335" started-at="2018-12-28T01:31:00Z" data-provider="dp" finished-at="2018-12-28T01:31:01Z">
          <params>
            <param index="0">
              <value>
                <![CDATA[abc]]>
              </value>
            </param>
            <param index="1">
              <value>
                <![CDATA[]]>
              </value>
            </param>
            <param index="2">
              <value>
                <![CDATA[Password cannot be empty]]>
              </value>
            </param>
          </params>
          <reporter-output>
          </reporter-output>
        </test-method> <!-- loginInvalidData -->
        <test-method status="PASS" signature="loginInvalidData(java.lang.String, java.lang.String, java.lang.String)[pri:0, instance:testCases.Login_Invalid_data_Tests@4883b407]" name="loginInvalidData" duration-ms="1649" started-at="2018-12-28T01:31:01Z" data-provider="dp" finished-at="2018-12-28T01:31:03Z">
          <params>
            <param index="0">
              <value>
                <![CDATA[abc]]>
              </value>
            </param>
            <param index="1">
              <value>
                <![CDATA[password]]>
              </value>
            </param>
            <param index="2">
              <value>
                <![CDATA[Invalid credentials]]>
              </value>
            </param>
          </params>
          <reporter-output>
          </reporter-output>
        </test-method> <!-- loginInvalidData -->
        <test-method status="PASS" signature="loginInvalidData(java.lang.String, java.lang.String, java.lang.String)[pri:0, instance:testCases.Login_Invalid_data_Tests@4883b407]" name="loginInvalidData" duration-ms="1890" started-at="2018-12-28T01:31:03Z" data-provider="dp" finished-at="2018-12-28T01:31:05Z">
          <params>
            <param index="0">
              <value>
                <![CDATA[admin]]>
              </value>
            </param>
            <param index="1">
              <value>
                <![CDATA[Admin123]]>
              </value>
            </param>
            <param index="2">
              <value>
                <![CDATA[Invalid credentials]]>
              </value>
            </param>
          </params>
          <reporter-output>
          </reporter-output>
        </test-method> <!-- loginInvalidData -->
        <test-method status="PASS" signature="loginInvalidData(java.lang.String, java.lang.String, java.lang.String)[pri:0, instance:testCases.Login_Invalid_data_Tests@4883b407]" name="loginInvalidData" duration-ms="1935" started-at="2018-12-28T01:31:05Z" data-provider="dp" finished-at="2018-12-28T01:31:07Z">
          <params>
            <param index="0">
              <value>
                <![CDATA[Admin]]>
              </value>
            </param>
            <param index="1">
              <value>
                <![CDATA[admin1234]]>
              </value>
            </param>
            <param index="2">
              <value>
                <![CDATA[Invalid credentials]]>
              </value>
            </param>
          </params>
          <reporter-output>
          </reporter-output>
        </test-method> <!-- loginInvalidData -->
        <test-method status="PASS" signature="tearDown()[pri:0, instance:testCases.Login_Invalid_data_Tests@4883b407]" name="tearDown" is-config="true" duration-ms="777" started-at="2018-12-28T01:31:07Z" finished-at="2018-12-28T01:31:08Z">
          <reporter-output>
          </reporter-output>
        </test-method> <!-- tearDown -->
      </class> <!-- testCases.Login_Invalid_data_Tests -->
    </test> <!-- Default test -->
  </suite> <!-- Default suite -->
</testng-results>
