<?xml version="1.0" encoding="UTF-8"?>
<testng-results skipped="0" failed="0" ignored="0" total="8" passed="8">
  <reporter-output>
  </reporter-output>
  <suite name="SuiteAllTest" duration-ms="30597" started-at="2018-12-28T13:15:53Z" finished-at="2018-12-28T13:16:24Z">
    <groups>
    </groups>
    <test name="TestLoginValidData" duration-ms="10700" started-at="2018-12-28T13:15:53Z" finished-at="2018-12-28T13:16:04Z">
      <class name="testCases.Login_valid_data_Tests">
        <test-method status="PASS" signature="setUp()[pri:0, instance:testCases.Login_valid_data_Tests@689604d9]" name="setUp" is-config="true" duration-ms="6615" started-at="2018-12-28T13:15:53Z" finished-at="2018-12-28T13:16:00Z">
          <reporter-output>
          </reporter-output>
        </test-method> <!-- setUp -->
        <test-method status="PASS" signature="login_With_Valid_Data()[pri:1, instance:testCases.Login_valid_data_Tests@689604d9]" name="login_With_Valid_Data" duration-ms="1670" started-at="2018-12-28T13:16:00Z" finished-at="2018-12-28T13:16:01Z">
          <reporter-output>
          </reporter-output>
        </test-method> <!-- login_With_Valid_Data -->
        <test-method status="PASS" signature="logout()[pri:2, instance:testCases.Login_valid_data_Tests@689604d9]" name="logout" duration-ms="1050" started-at="2018-12-28T13:16:01Z" finished-at="2018-12-28T13:16:02Z">
          <reporter-output>
          </reporter-output>
        </test-method> <!-- logout -->
        <test-method status="PASS" signature="tearDown()[pri:0, instance:testCases.Login_valid_data_Tests@689604d9]" name="tearDown" is-config="true" duration-ms="1311" started-at="2018-12-28T13:16:02Z" finished-at="2018-12-28T13:16:04Z">
          <reporter-output>
          </reporter-output>
        </test-method> <!-- tearDown -->
      </class> <!-- testCases.Login_valid_data_Tests -->
    </test> <!-- TestLoginValidData -->
    <test name="TestLoginInvalidData" duration-ms="19758" started-at="2018-12-28T13:16:04Z" finished-at="2018-12-28T13:16:24Z">
      <class name="testCases.Login_Invalid_data_Tests">
        <test-method status="PASS" signature="setUp()[pri:0, instance:testCases.Login_Invalid_data_Tests@65fb9ffc]" name="setUp" is-config="true" duration-ms="5627" started-at="2018-12-28T13:16:04Z" finished-at="2018-12-28T13:16:09Z">
          <reporter-output>
          </reporter-output>
        </test-method> <!-- setUp -->
        <test-method status="PASS" signature="loginInvalidData(java.lang.String, java.lang.String, java.lang.String)[pri:0, instance:testCases.Login_Invalid_data_Tests@65fb9ffc]" name="loginInvalidData" duration-ms="1800" started-at="2018-12-28T13:16:11Z" data-provider="dp" finished-at="2018-12-28T13:16:13Z">
          <params>
            <param index="0">
              <value>
                <![CDATA[]]>
              </value>
            </param>
            <param index="1">
              <value>
                <![CDATA[]]>
              </value>
            </param>
            <param index="2">
              <value>
                <![CDATA[Username cannot be empty]]>
              </value>
            </param>
          </params>
          <reporter-output>
          </reporter-output>
        </test-method> <!-- loginInvalidData -->
        <test-method status="PASS" signature="loginInvalidData(java.lang.String, java.lang.String, java.lang.String)[pri:0, instance:testCases.Login_Invalid_data_Tests@65fb9ffc]" name="loginInvalidData" duration-ms="1705" started-at="2018-12-28T13:16:13Z" data-provider="dp" finished-at="2018-12-28T13:16:15Z">
          <params>
            <param index="0">
              <value>
                <![CDATA[]]>
              </value>
            </param>
            <param index="1">
              <value>
                <![CDATA[password]]>
              </value>
            </param>
            <param index="2">
              <value>
                <![CDATA[Username cannot be empty]]>
              </value>
            </param>
          </params>
          <reporter-output>
          </reporter-output>
        </test-method> <!-- loginInvalidData -->
        <test-method status="PASS" signature="loginInvalidData(java.lang.String, java.lang.String, java.lang.String)[pri:0, instance:testCases.Login_Invalid_data_Tests@65fb9ffc]" name="loginInvalidData" duration-ms="1368" started-at="2018-12-28T13:16:15Z" data-provider="dp" finished-at="2018-12-28T13:16:16Z">
          <params>
            <param index="0">
              <value>
                <![CDATA[abc]]>
              </value>
            </param>
            <param index="1">
              <value>
                <![CDATA[]]>
              </value>
            </param>
            <param index="2">
              <value>
                <![CDATA[Password cannot be empty]]>
              </value>
            </param>
          </params>
          <reporter-output>
          </reporter-output>
        </test-method> <!-- loginInvalidData -->
        <test-method status="PASS" signature="loginInvalidData(java.lang.String, java.lang.String, java.lang.String)[pri:0, instance:testCases.Login_Invalid_data_Tests@65fb9ffc]" name="loginInvalidData" duration-ms="1834" started-at="2018-12-28T13:16:16Z" data-provider="dp" finished-at="2018-12-28T13:16:18Z">
          <params>
            <param index="0">
              <value>
                <![CDATA[abc]]>
              </value>
            </param>
            <param index="1">
              <value>
                <![CDATA[password]]>
              </value>
            </param>
            <param index="2">
              <value>
                <![CDATA[Invalid credentials]]>
              </value>
            </param>
          </params>
          <reporter-output>
          </reporter-output>
        </test-method> <!-- loginInvalidData -->
        <test-method status="PASS" signature="loginInvalidData(java.lang.String, java.lang.String, java.lang.String)[pri:0, instance:testCases.Login_Invalid_data_Tests@65fb9ffc]" name="loginInvalidData" duration-ms="2162" started-at="2018-12-28T13:16:18Z" data-provider="dp" finished-at="2018-12-28T13:16:20Z">
          <params>
            <param index="0">
              <value>
                <![CDATA[admin]]>
              </value>
            </param>
            <param index="1">
              <value>
                <![CDATA[Admin123]]>
              </value>
            </param>
            <param index="2">
              <value>
                <![CDATA[Invalid credentials]]>
              </value>
            </param>
          </params>
          <reporter-output>
          </reporter-output>
        </test-method> <!-- loginInvalidData -->
        <test-method status="PASS" signature="loginInvalidData(java.lang.String, java.lang.String, java.lang.String)[pri:0, instance:testCases.Login_Invalid_data_Tests@65fb9ffc]" name="loginInvalidData" duration-ms="2120" started-at="2018-12-28T13:16:20Z" data-provider="dp" finished-at="2018-12-28T13:16:22Z">
          <params>
            <param index="0">
              <value>
                <![CDATA[Admin]]>
              </value>
            </param>
            <param index="1">
              <value>
                <![CDATA[admin1234]]>
              </value>
            </param>
            <param index="2">
              <value>
                <![CDATA[Invalid credentials]]>
              </value>
            </param>
          </params>
          <reporter-output>
          </reporter-output>
        </test-method> <!-- loginInvalidData -->
        <test-method status="PASS" signature="tearDown()[pri:0, instance:testCases.Login_Invalid_data_Tests@65fb9ffc]" name="tearDown" is-config="true" duration-ms="1325" started-at="2018-12-28T13:16:22Z" finished-at="2018-12-28T13:16:24Z">
          <reporter-output>
          </reporter-output>
        </test-method> <!-- tearDown -->
      </class> <!-- testCases.Login_Invalid_data_Tests -->
    </test> <!-- TestLoginInvalidData -->
  </suite> <!-- SuiteAllTest -->
</testng-results>
