<?xml version="1.0" encoding="UTF-8"?>
<!-- Generated by org.testng.reporters.JUnitReportReporter -->
<testsuite skipped="0" hostname="BEL-FAMILLE" name="testCases.Login_Invalid_data_Tests" tests="6" failures="0" timestamp="28 déc. 2018 15:25:05 GMT" time="12.733" errors="0">
  <testcase name="loginInvalidData" time="1.607" classname="testCases.Login_Invalid_data_Tests"/>
  <testcase name="loginInvalidData" time="2.123" classname="testCases.Login_Invalid_data_Tests"/>
  <testcase name="loginInvalidData" time="1.697" classname="testCases.Login_Invalid_data_Tests"/>
  <testcase name="loginInvalidData" time="2.580" classname="testCases.Login_Invalid_data_Tests"/>
  <testcase name="loginInvalidData" time="2.963" classname="testCases.Login_Invalid_data_Tests"/>
  <testcase name="loginInvalidData" time="1.763" classname="testCases.Login_Invalid_data_Tests"/>
</testsuite> <!-- testCases.Login_Invalid_data_Tests -->
