<?xml version="1.0" encoding="UTF-8"?>
<!-- Generated by org.testng.reporters.JUnitReportReporter -->
<testsuite skipped="0" hostname="BEL-FAMILLE" name="utilitaires.ExcelDataProvider" tests="7" failures="0" timestamp="27 déc. 2018 22:53:04 GMT" time="0.041" errors="0">
  <testcase name="test01" time="0.003" classname="utilitaires.ExcelDataProvider"/>
  <testcase name="test01" time="0.006" classname="utilitaires.ExcelDataProvider"/>
  <testcase name="test01" time="0.003" classname="utilitaires.ExcelDataProvider"/>
  <testcase name="test01" time="0.003" classname="utilitaires.ExcelDataProvider"/>
  <testcase name="test01" time="0.020" classname="utilitaires.ExcelDataProvider"/>
  <testcase name="test01" time="0.002" classname="utilitaires.ExcelDataProvider"/>
  <testcase name="test01" time="0.004" classname="utilitaires.ExcelDataProvider"/>
</testsuite> <!-- utilitaires.ExcelDataProvider -->
