<?xml version="1.0" encoding="UTF-8"?>
<!-- Generated by org.testng.reporters.JUnitReportReporter -->
<testsuite skipped="1" hostname="BEL-FAMILLE" name="rough.TestngGroups" tests="4" failures="0" timestamp="30 déc. 2018 01:18:39 GMT" time="0.041" errors="0">
  <testcase name="test2" time="0.005" classname="rough.TestngGroups"/>
  <testcase name="test3" time="0.006" classname="rough.TestngGroups"/>
  <testcase name="test1" time="0.030" classname="rough.TestngGroups"/>
  <testcase name="test4" classname="rough.TestngGroups">
    <skipped/>
  </testcase> <!-- test4 -->
</testsuite> <!-- rough.TestngGroups -->
