<?xml version="1.0" encoding="UTF-8"?>
<!-- Generated by org.testng.reporters.JUnitReportReporter -->
<testsuite skipped="0" hostname="BEL-FAMILLE" name="testCases.Login_Invalid_data_Tests" tests="6" failures="0" timestamp="28 déc. 2018 13:16:24 GMT" time="10.989" errors="0">
  <testcase name="loginInvalidData" time="1.834" classname="testCases.Login_Invalid_data_Tests"/>
  <testcase name="loginInvalidData" time="2.120" classname="testCases.Login_Invalid_data_Tests"/>
  <testcase name="loginInvalidData" time="1.368" classname="testCases.Login_Invalid_data_Tests"/>
  <testcase name="loginInvalidData" time="1.800" classname="testCases.Login_Invalid_data_Tests"/>
  <testcase name="loginInvalidData" time="1.705" classname="testCases.Login_Invalid_data_Tests"/>
  <testcase name="loginInvalidData" time="2.162" classname="testCases.Login_Invalid_data_Tests"/>
</testsuite> <!-- testCases.Login_Invalid_data_Tests -->
