<?xml version="1.0" encoding="UTF-8"?>
<!-- Generated by org.testng.reporters.JUnitReportReporter -->
<testsuite skipped="0" hostname="BEL-FAMILLE" name="utilitaires.ExcelDataProvider2" tests="6" failures="0" timestamp="28 déc. 2018 01:19:01 GMT" time="0.059" errors="0">
  <testcase name="loginInvalidData" time="0.003" classname="utilitaires.ExcelDataProvider2"/>
  <testcase name="loginInvalidData" time="0.009" classname="utilitaires.ExcelDataProvider2"/>
  <testcase name="loginInvalidData" time="0.022" classname="utilitaires.ExcelDataProvider2"/>
  <testcase name="loginInvalidData" time="0.017" classname="utilitaires.ExcelDataProvider2"/>
  <testcase name="loginInvalidData" time="0.004" classname="utilitaires.ExcelDataProvider2"/>
  <testcase name="loginInvalidData" time="0.004" classname="utilitaires.ExcelDataProvider2"/>
</testsuite> <!-- utilitaires.ExcelDataProvider2 -->
