<?xml version="1.0" encoding="UTF-8"?>
<!-- Generated by org.testng.reporters.JUnitReportReporter -->
<testsuite skipped="0" hostname="BEL-FAMILLE" name="testCases.Login_Invalid_data_Tests" tests="6" failures="0" timestamp="29 déc. 2018 02:14:57 GMT" time="11.485" errors="0">
  <testcase name="loginInvalidData" time="1.742" classname="testCases.Login_Invalid_data_Tests"/>
  <testcase name="loginInvalidData" time="2.050" classname="testCases.Login_Invalid_data_Tests"/>
  <testcase name="loginInvalidData" time="2.220" classname="testCases.Login_Invalid_data_Tests"/>
  <testcase name="loginInvalidData" time="1.773" classname="testCases.Login_Invalid_data_Tests"/>
  <testcase name="loginInvalidData" time="1.908" classname="testCases.Login_Invalid_data_Tests"/>
  <testcase name="loginInvalidData" time="1.792" classname="testCases.Login_Invalid_data_Tests"/>
</testsuite> <!-- testCases.Login_Invalid_data_Tests -->
