<?xml version="1.0" encoding="UTF-8"?>
<!-- Generated by org.testng.reporters.JUnitXMLReporter -->
<testsuite hostname="BEL-FAMILLE" ignored="0" name="TestLoginInvalidData" tests="6" failures="0" timestamp="29 Dec 2018 22:18:07 GMT" time="7.569" errors="0">
  <testcase name="loginInvalidData" time="0.001" classname="testCases.Login_Invalid_data_Tests">
    <skipped/>
  </testcase> <!-- loginInvalidData -->
  <testcase name="loginInvalidData" time="0.0" classname="testCases.Login_Invalid_data_Tests">
    <skipped/>
  </testcase> <!-- loginInvalidData -->
  <testcase name="loginInvalidData" time="0.0" classname="testCases.Login_Invalid_data_Tests">
    <skipped/>
  </testcase> <!-- loginInvalidData -->
  <testcase name="loginInvalidData" time="0.001" classname="testCases.Login_Invalid_data_Tests">
    <skipped/>
  </testcase> <!-- loginInvalidData -->
  <testcase name="loginInvalidData" time="0.005" classname="testCases.Login_Invalid_data_Tests">
    <skipped/>
  </testcase> <!-- loginInvalidData -->
  <testcase name="loginInvalidData" time="0.0" classname="testCases.Login_Invalid_data_Tests">
    <skipped/>
  </testcase> <!-- loginInvalidData -->
</testsuite> <!-- TestLoginInvalidData -->
