<?xml version="1.0" encoding="UTF-8"?>
<!-- Generated by org.testng.reporters.JUnitXMLReporter -->
<testsuite hostname="BEL-FAMILLE" ignored="0" name="TestLoginInvalidData" tests="6" failures="0" timestamp="28 déc. 2018 14:11:08 GMT" time="17.159" errors="0">
  <testcase name="loginInvalidData" time="1.481" classname="testCases.Login_Invalid_data_Tests"/>
  <testcase name="loginInvalidData" time="1.384" classname="testCases.Login_Invalid_data_Tests"/>
  <testcase name="loginInvalidData" time="1.32" classname="testCases.Login_Invalid_data_Tests"/>
  <testcase name="loginInvalidData" time="1.748" classname="testCases.Login_Invalid_data_Tests"/>
  <testcase name="loginInvalidData" time="2.068" classname="testCases.Login_Invalid_data_Tests"/>
  <testcase name="loginInvalidData" time="2.123" classname="testCases.Login_Invalid_data_Tests"/>
</testsuite> <!-- TestLoginInvalidData -->
